<?xml version="1.0" encoding="UTF-8"?>
<testng-results skipped="1" failed="0" total="1" passed="0">
  <reporter-output>
  </reporter-output>
  <suite name="Default suite" duration-ms="74413" started-at="2018-05-03T12:03:54Z" finished-at="2018-05-03T12:05:08Z">
    <groups>
    </groups>
    <test name="Default test" duration-ms="74413" started-at="2018-05-03T12:03:54Z" finished-at="2018-05-03T12:05:08Z">
      <class name="testCases.CREATE_COMMUNITY">
        <test-method status="FAIL" signature="onMychat()[pri:0, instance:testCases.CREATE_COMMUNITY@ae45eb6]" name="onMychat" is-config="true" duration-ms="0" started-at="2018-05-03T17:33:54Z" finished-at="2018-05-03T17:33:54Z">
          <exception class="org.openqa.selenium.TimeoutException">
            <message>
              <![CDATA[Expected condition failed: waiting for element to be clickable: By.cssSelector: #greenColorBody > app-root > app-welcome-dashboard > div > div > mat-sidenav-container > mat-sidenav-content > nav > mat-toolbar > button (tried for 60 second(s) with 500 MILLISECONDS interval)]]>
            </message>
            <full-stacktrace>
              <![CDATA[org.openqa.selenium.TimeoutException: Expected condition failed: waiting for element to be clickable: By.cssSelector: #greenColorBody > app-root > app-welcome-dashboard > div > div > mat-sidenav-container > mat-sidenav-content > nav > mat-toolbar > button (tried for 60 second(s) with 500 MILLISECONDS interval)
	at org.openqa.selenium.support.ui.WebDriverWait.timeoutException(WebDriverWait.java:80)
	at org.openqa.selenium.support.ui.FluentWait.until(FluentWait.java:232)
	at utility.BaseClass.waitTillElementClickable(BaseClass.java:81)
	at pageObjects.WelcomeDashboardPage.click_leftDrawerBtn(WelcomeDashboardPage.java:48)
	at testCases.CREATE_COMMUNITY.onMychat(CREATE_COMMUNITY.java:26)
	at sun.reflect.NativeMethodAccessorImpl.invoke0(Native Method)
	at sun.reflect.NativeMethodAccessorImpl.invoke(NativeMethodAccessorImpl.java:62)
	at sun.reflect.DelegatingMethodAccessorImpl.invoke(DelegatingMethodAccessorImpl.java:43)
	at java.lang.reflect.Method.invoke(Method.java:498)
	at org.testng.internal.MethodInvocationHelper.invokeMethod(MethodInvocationHelper.java:84)
	at org.testng.internal.Invoker.invokeConfigurationMethod(Invoker.java:564)
	at org.testng.internal.Invoker.invokeConfigurations(Invoker.java:213)
	at org.testng.internal.Invoker.invokeConfigurations(Invoker.java:138)
	at org.testng.TestRunner.beforeRun(TestRunner.java:641)
	at org.testng.TestRunner.run(TestRunner.java:609)
	at org.testng.SuiteRunner.runTest(SuiteRunner.java:348)
	at org.testng.SuiteRunner.runSequentially(SuiteRunner.java:343)
	at org.testng.SuiteRunner.privateRun(SuiteRunner.java:305)
	at org.testng.SuiteRunner.run(SuiteRunner.java:254)
	at org.testng.SuiteRunnerWorker.runSuite(SuiteRunnerWorker.java:52)
	at org.testng.SuiteRunnerWorker.run(SuiteRunnerWorker.java:86)
	at org.testng.TestNG.runSuitesSequentially(TestNG.java:1224)
	at org.testng.TestNG.runSuitesLocally(TestNG.java:1149)
	at org.testng.TestNG.run(TestNG.java:1057)
	at org.testng.remote.AbstractRemoteTestNG.run(AbstractRemoteTestNG.java:114)
	at org.testng.remote.RemoteTestNG.initAndRun(RemoteTestNG.java:251)
	at org.testng.remote.RemoteTestNG.main(RemoteTestNG.java:77)
Caused by: org.openqa.selenium.NoSuchElementException: Cannot locate an element using By.cssSelector: #greenColorBody > app-root > app-welcome-dashboard > div > div > mat-sidenav-container > mat-sidenav-content > nav > mat-toolbar > button
For documentation on this error, please visit: http://seleniumhq.org/exceptions/no_such_element.html
Build info: version: '3.11.0', revision: 'e59cfb3', time: '2018-03-11T20:26:55.152Z'
System info: host: 'chetan-desktop', ip: '127.0.1.1', os.name: 'Linux', os.arch: 'amd64', os.version: '4.13.0-39-generic', java.version: '1.8.0_162'
Driver info: driver.version: unknown
	at org.openqa.selenium.support.ui.ExpectedConditions.lambda$findElement$0(ExpectedConditions.java:899)
	at java.util.Optional.orElseThrow(Optional.java:290)
	at org.openqa.selenium.support.ui.ExpectedConditions.findElement(ExpectedConditions.java:898)
	at org.openqa.selenium.support.ui.ExpectedConditions.access$000(ExpectedConditions.java:44)
	at org.openqa.selenium.support.ui.ExpectedConditions$7.apply(ExpectedConditions.java:208)
	at org.openqa.selenium.support.ui.ExpectedConditions$7.apply(ExpectedConditions.java:204)
	at org.openqa.selenium.support.ui.ExpectedConditions$22.apply(ExpectedConditions.java:654)
	at org.openqa.selenium.support.ui.ExpectedConditions$22.apply(ExpectedConditions.java:647)
	at org.openqa.selenium.support.ui.FluentWait.until(FluentWait.java:209)
	... 25 more
]]>
            </full-stacktrace>
          </exception> <!-- org.openqa.selenium.TimeoutException -->
          <reporter-output>
          </reporter-output>
        </test-method> <!-- onMychat -->
        <test-method status="SKIP" signature="createChnl()[pri:0, instance:testCases.CREATE_COMMUNITY@ae45eb6]" name="createChnl" duration-ms="2" started-at="2018-05-03T17:35:08Z" finished-at="2018-05-03T17:35:08Z">
          <reporter-output>
          </reporter-output>
        </test-method> <!-- createChnl -->
        <test-method status="SKIP" signature="naviagteTOWelcomeDashboard()[pri:0, instance:testCases.CREATE_COMMUNITY@ae45eb6]" name="naviagteTOWelcomeDashboard" is-config="true" duration-ms="0" started-at="2018-05-03T17:35:08Z" finished-at="2018-05-03T17:35:08Z">
          <reporter-output>
          </reporter-output>
        </test-method> <!-- naviagteTOWelcomeDashboard -->
      </class> <!-- testCases.CREATE_COMMUNITY -->
    </test> <!-- Default test -->
  </suite> <!-- Default suite -->
</testng-results>
